[debug] [2023-05-24T20:20:51.975Z] ----------------------------------------------------------------------
[debug] [2023-05-24T20:20:51.977Z] Command:       C:\Program Files\nodejs\node.exe C:\Users\Israel\AppData\Roaming\npm\node_modules\firebase-tools\lib\bin\firebase.js deploy
[debug] [2023-05-24T20:20:51.977Z] CLI Version:   12.2.0
[debug] [2023-05-24T20:20:51.978Z] Platform:      win32
[debug] [2023-05-24T20:20:51.978Z] Node Version:  v18.13.0
[debug] [2023-05-24T20:20:51.978Z] Time:          Wed May 24 2023 14:20:51 GMT-0600 (hora estándar central)
[debug] [2023-05-24T20:20:51.979Z] ----------------------------------------------------------------------
[debug] 
[debug] [2023-05-24T20:20:52.041Z] > command requires scopes: ["email","openid","https://www.googleapis.com/auth/cloudplatformprojects.readonly","https://www.googleapis.com/auth/firebase","https://www.googleapis.com/auth/cloud-platform"]
[debug] [2023-05-24T20:20:52.041Z] > authorizing via signed-in user (israelofevil@gmail.com)
[debug] [2023-05-24T20:20:52.041Z] [iam] checking project jj-wedding-qro for permissions ["firebase.projects.get","firebasehosting.sites.update"]
[debug] [2023-05-24T20:20:52.043Z] >>> [apiv2][query] POST https://cloudresourcemanager.googleapis.com/v1/projects/jj-wedding-qro:testIamPermissions [none]
[debug] [2023-05-24T20:20:52.043Z] >>> [apiv2][(partial)header] POST https://cloudresourcemanager.googleapis.com/v1/projects/jj-wedding-qro:testIamPermissions x-goog-quota-user=projects/jj-wedding-qro
[debug] [2023-05-24T20:20:52.043Z] >>> [apiv2][body] POST https://cloudresourcemanager.googleapis.com/v1/projects/jj-wedding-qro:testIamPermissions {"permissions":["firebase.projects.get","firebasehosting.sites.update"]}
[debug] [2023-05-24T20:20:52.598Z] <<< [apiv2][status] POST https://cloudresourcemanager.googleapis.com/v1/projects/jj-wedding-qro:testIamPermissions 200
[debug] [2023-05-24T20:20:52.599Z] <<< [apiv2][body] POST https://cloudresourcemanager.googleapis.com/v1/projects/jj-wedding-qro:testIamPermissions {"permissions":["firebase.projects.get","firebasehosting.sites.update"]}
[debug] [2023-05-24T20:20:52.600Z] >>> [apiv2][query] GET https://firebase.googleapis.com/v1beta1/projects/jj-wedding-qro [none]
[debug] [2023-05-24T20:21:13.658Z] Failed to make request to https://firebase.googleapis.com/v1beta1/projects/jj-wedding-qro
[debug] [2023-05-24T20:21:13.661Z] FirebaseError: Failed to make request to https://firebase.googleapis.com/v1beta1/projects/jj-wedding-qro
    at RetryOperation._fn (C:\Users\Israel\AppData\Roaming\npm\node_modules\firebase-tools\lib\apiv2.js:242:31)
    at process.processTicksAndRejections (node:internal/process/task_queues:95:5)
[error] 
[error] Error: Failed to get Firebase project jj-wedding-qro. Please make sure the project exists and your account has permission to access it.
